[debug] [2019-06-20T12:10:08.391Z] ----------------------------------------------------------------------
[debug] [2019-06-20T12:10:08.394Z] Command:       /usr/local/bin/node /usr/local/bin/firebase init
[debug] [2019-06-20T12:10:08.394Z] CLI Version:   7.0.0
[debug] [2019-06-20T12:10:08.394Z] Platform:      darwin
[debug] [2019-06-20T12:10:08.394Z] Node Version:  v11.11.0
[debug] [2019-06-20T12:10:08.394Z] Time:          Thu Jun 20 2019 14:10:08 GMT+0200 (Central European Summer Time)
[debug] [2019-06-20T12:10:08.394Z] ----------------------------------------------------------------------
[debug] 
[debug] [2019-06-20T12:10:08.401Z] > command requires scopes: ["email","openid","https://www.googleapis.com/auth/cloudplatformprojects.readonly","https://www.googleapis.com/auth/firebase","https://www.googleapis.com/auth/cloud-platform"]
[debug] [2019-06-20T12:10:08.401Z] > authorizing via signed-in user
[info] 
     ######## #### ########  ######## ########     ###     ######  ########
     ##        ##  ##     ## ##       ##     ##  ##   ##  ##       ##
     ######    ##  ########  ######   ########  #########  ######  ######
     ##        ##  ##    ##  ##       ##     ## ##     ##       ## ##
     ##       #### ##     ## ######## ########  ##     ##  ######  ########

You're about to initialize a Firebase project in this directory:

  /Users/panos/projects/rucio_opint_interface/rucio-opint-frontend

[info] 
=== Project Setup
[info] 
[info] First, let's associate this project directory with a Firebase project.
[info] You can create multiple project aliases by running firebase use --add, 
[info] but for now we'll just set up a default project.
[info] 
[debug] [2019-06-20T12:10:17.073Z] >>> HTTP REQUEST GET https://firebase.googleapis.com/v1beta1/projects?page_size=100  
 
[debug] [2019-06-20T12:10:17.408Z] <<< HTTP RESPONSE 200
